第1章 太古一梦，阴阳锁
200
第1章 太古一梦，阴阳锁
200
200第2章 老魔收徒
200
200第3章 仙帝传承，宁凡蜕变！（已修改）
200
200第4章 你能给我解毒？！
200
200第5章 仙帝级杀气
200
200第6章 玉皇草，拿来喂猪？
200
200第7章 道果，仙云，灵装？
200
200第8章 小纸鹤，双.修吧
200
200第9章 老魔凌乱了
200
200第10章 道果拍卖会
200
200第11章 欲擒故纵，这是阳谋
200
200第12章 天离宗，找死！
200
200第13章 娃娃亲？震慑群魔
200
200第14章 妖女！
200
200第15章 蓝眉有悔
200
200第16章 我不杀你，誓不为人！
200
200第1章 太古一梦，阴阳锁
200
200第2章 老魔收徒
200
200第3章 仙帝传承，宁凡蜕变！（已修改）
200
200第4章 你能给我解毒？！
200
200第5章 仙帝级杀气
200
200第6章 玉皇草，拿来喂猪？
200
200第7章 道果，仙云，灵装？
200
200第8章 小纸鹤，双.修吧
200
200第9章 老魔凌乱了
200
200第10章 道果拍卖会
200
200第11章 欲擒故纵，这是阳谋
200
200第12章 天离宗，找死！
200
200第13章 娃娃亲？震慑群魔
200
200第14章 妖女！
200
200第15章 蓝眉有悔
200
200第16章 我不杀你，誓不为人！
200
200第17章 承欢风雪，公子情深
200
200第18章 《踏雪决》，冰之寒
200
200第1章 太古一梦，阴阳锁
200
200第2章 老魔收徒
200
200第3章 仙帝传承，宁凡蜕变！（已修改）
200
200第4章 你能给我解毒？！
200
200第5章 仙帝级杀气
200
200第6章 玉皇草，拿来喂猪？
200
200第7章 道果，仙云，灵装？
200
200第8章 小纸鹤，双.修吧
200
200第9章 老魔凌乱了
200
200第10章 道果拍卖会
200
200第11章 欲擒故纵，这是阳谋
200
200第12章 天离宗，找死！
200
200第13章 娃娃亲？震慑群魔
200
200第14章 妖女！
200
200第15章 蓝眉有悔
200
200第16章 我不杀你，誓不为人！
200
200第17章 承欢风雪，公子情深
200
200第18章 《踏雪决》，冰之寒
200
200第19章 黑魔派的传统！
200
200第20章 宁公子，前来踢宗！
200
200第21章 采阴指，女修噩梦（第二更）
200
200第22章 元婴女妖，软语讨饶（第三更）
200
200第1章 太古一梦，阴阳锁
200
200第2章 老魔收徒
200
200第3章 仙帝传承，宁凡蜕变！（已修改）
200
200第4章 你能给我解毒？！
200
200第5章 仙帝级杀气
200
200第6章 玉皇草，拿来喂猪？
200
200第7章 道果，仙云，灵装？
200
200第8章 小纸鹤，双.修吧
200
200第9章 老魔凌乱了
200
200第10章 道果拍卖会
200
200第11章 欲擒故纵，这是阳谋
200
200第12章 天离宗，找死！
200
200第13章 娃娃亲？震慑群魔
200
200第14章 妖女！
200
200第15章 蓝眉有悔
200
200第16章 我不杀你，誓不为人！
200
200第17章 承欢风雪，公子情深
200
200第18章 《踏雪决》，冰之寒
200
200第19章 黑魔派的传统！
200
200第20章 宁公子，前来踢宗！
200
200第21章 采阴指，女修噩梦（第二更）
200
200第22章 元婴女妖，软语讨饶（第三更）
200
200第23章 天离，人心
200
200第24章 缠人的小妖女！（第二更）
200
200第25章 山崩地裂！
200
200第26章 太古神兵
200
200第27章 香火一剑
200
200第28章 融灵中期！（第三更）
200
200